<?xml version="1.0" encoding="utf-8"?><testsuites name="pytest tests"><testsuite name="pytest" errors="0" failures="0" skipped="0" tests="9" time="3.327" timestamp="2026-08-01T09:19:45.276013+00:00" hostname="agent-env-37f3b85c-f117-46d6-b797-3d64e28eb925"><testcase classname="tests.test_iteration4.TestCategoriesAdminCRUD" name="test_unauthorized" time="0.857" /><testcase classname="tests.test_iteration4.TestSitemap" name="test_sitemap_xml" time="0.505" /><testcase classname="tests.test_iteration4.TestSitemap" name="test_sitemap_excludes_drafts" time="0.877" /><testcase classname="tests.test_iteration4.TestCategoriesAdminCRUD" name="test_admin_list_includes_all" time="0.422" /><testcase classname="tests.test_iteration4.TestCategoriesAdminCRUD" name="test_cascade_rename" time="0.598" /><testcase classname="tests.test_iteration4.TestSitemap" name="test_robots_txt" time="0.150" /><testcase classname="tests.test_iteration4.TestCategoriesPublic" name="test_default_categories" time="0.103" /><testcase classname="tests.test_iteration4.TestCategoriesAdminCRUD" name="test_visibility_toggle" time="0.547" /><testcase classname="tests.test_iteration4.TestCategoriesAdminCRUD" name="test_reorder" time="0.421" /></testsuite></testsuites>