<?xml version="1.0" encoding="utf-8"?><testsuites name="pytest tests"><testsuite name="pytest" errors="0" failures="0" skipped="0" tests="9" time="2.933" timestamp="2026-08-01T08:56:18.270933+00:00" hostname="agent-env-37f3b85c-f117-46d6-b797-3d64e28eb925"><testcase classname="tests.test_iteration3.TestPortfolioSlug" name="test_all_portfolio_have_unique_nonempty_slug" time="0.451" /><testcase classname="tests.test_iteration3.TestReorder" name="test_reorder_faqs" time="1.163" /><testcase classname="tests.test_iteration3.TestPortfolioSlug" name="test_get_portfolio_by_slug" time="0.274" /><testcase classname="tests.test_iteration3.TestPortfolioSlug" name="test_get_portfolio_nonexistent" time="0.095" /><testcase classname="tests.test_iteration3.TestDraftPreview" name="test_draft_service_hidden_visible_by_slug" time="0.903" /><testcase classname="tests.test_iteration3.TestReorder" name="test_reorder_services" time="0.484" /><testcase classname="tests.test_iteration3.TestReorder" name="test_reorder_portfolio" time="0.510" /><testcase classname="tests.test_iteration3.TestDraftPreview" name="test_draft_portfolio_hidden_visible_by_slug" time="0.415" /><testcase classname="tests.test_iteration3.TestReorder" name="test_reorder_unauth_all" time="0.288" /></testsuite></testsuites>