<?xml version="1.0" encoding="utf-8"?><testsuites name="pytest tests"><testsuite name="pytest" errors="0" failures="0" skipped="0" tests="8" time="3.616" timestamp="2026-08-01T08:39:20.674532+00:00" hostname="agent-env-37f3b85c-f117-46d6-b797-3d64e28eb925"><testcase classname="tests.test_iteration2.TestUpload" name="test_upload_no_auth" time="0.467" /><testcase classname="tests.test_iteration2.TestDraftFiltering" name="test_admin_list_services_auth" time="0.816" /><testcase classname="tests.test_iteration2.TestDraftFiltering" name="test_admin_list_portfolio_auth" time="1.271" /><testcase classname="tests.test_iteration2.TestUpload" name="test_upload_non_image" time="0.659" /><testcase classname="tests.test_iteration2.TestUpload" name="test_upload_png_ok_and_serves" time="0.668" /><testcase classname="tests.test_iteration2.TestPortfolioRelated" name="test_persist_related_services_and_og" time="0.514" /><testcase classname="tests.test_iteration2.TestDraftFiltering" name="test_draft_service_hidden_from_public" time="0.636" /><testcase classname="tests.test_iteration2.TestDraftFiltering" name="test_draft_portfolio_hidden_from_public" time="0.409" /></testsuite></testsuites>