<?xml version="1.0" encoding="utf-8"?><testsuites name="pytest tests"><testsuite name="pytest" errors="0" failures="0" skipped="0" tests="21" time="108.721" timestamp="2026-08-01T08:12:43.952873+00:00" hostname="agent-env-37f3b85c-f117-46d6-b797-3d64e28eb925"><testcase classname="tests.backend_test.TestPublic" name="test_homepage" time="0.145" /><testcase classname="tests.backend_test.TestPublic" name="test_settings" time="35.744" /><testcase classname="tests.backend_test.TestPublic" name="test_services_list" time="0.143" /><testcase classname="tests.backend_test.TestPublic" name="test_service_detail" time="0.099" /><testcase classname="tests.backend_test.TestPublic" name="test_service_not_found" time="0.101" /><testcase classname="tests.backend_test.TestPublic" name="test_portfolio" time="0.100" /><testcase classname="tests.backend_test.TestPublic" name="test_faqs" time="0.103" /><testcase classname="tests.backend_test.TestAuth" name="test_login_ok" time="0.319" /><testcase classname="tests.backend_test.TestAuth" name="test_login_wrong_pwd" time="68.570" /><testcase classname="tests.backend_test.TestAuth" name="test_me_no_token" time="0.143" /><testcase classname="tests.backend_test.TestAuth" name="test_me_with_token" time="0.421" /><testcase classname="tests.backend_test.TestAdminHomepage" name="test_unauthorized" time="0.094" /><testcase classname="tests.backend_test.TestAdminHomepage" name="test_update_and_persist" time="0.387" /><testcase classname="tests.backend_test.TestAdminSettings" name="test_unauthorized" time="0.097" /><testcase classname="tests.backend_test.TestAdminSettings" name="test_update_and_persist" time="0.387" /><testcase classname="tests.backend_test.TestAdminServices" name="test_unauthorized_create" time="0.092" /><testcase classname="tests.backend_test.TestAdminServices" name="test_crud_service" time="0.568" /><testcase classname="tests.backend_test.TestAdminPortfolio" name="test_unauthorized" time="0.096" /><testcase classname="tests.backend_test.TestAdminPortfolio" name="test_crud" time="0.479" /><testcase classname="tests.backend_test.TestAdminFaq" name="test_unauthorized" time="0.097" /><testcase classname="tests.backend_test.TestAdminFaq" name="test_crud" time="0.478" /></testsuite></testsuites>